<?xml version="1.0" encoding="UTF-8"?>
<!-- Generated by org.testng.reporters.JUnitReportReporter -->
<testsuite skipped="0" hostname="DESKTOP-A698R94" name="com.revature.testNG.runner.TestNGRunner" tests="1" failures="0" timestamp="03 Jun 2018 18:24:03 GMT" time="10.669" errors="0">
  <testcase name="feature" time="10.669" classname="com.revature.testNG.runner.TestNGRunner"/>
</testsuite> <!-- com.revature.testNG.runner.TestNGRunner -->
