<?xml version="1.0" encoding="UTF-8"?>
<!-- Generated by org.testng.reporters.JUnitReportReporter -->
<testsuite hostname="Adalah-Laptop" name="com.revature.runners.TestNGRunner" tests="4" failures="0" timestamp="4 Jun 2018 15:37:37 GMT" time="183.308" errors="0">
  <testcase name="feature" time="28.019" classname="com.revature.runners.TestNGRunner"/>
  <testcase name="feature" time="16.703" classname="com.revature.runners.TestNGRunner"/>
  <testcase name="feature" time="99.789" classname="com.revature.runners.TestNGRunner"/>
  <testcase name="feature" time="38.797" classname="com.revature.runners.TestNGRunner"/>
</testsuite> <!-- com.revature.runners.TestNGRunner -->
